<?xml version="1.0" encoding="UTF-8"?>
<!-- Generated by org.testng.reporters.JUnitReportReporter -->
<testsuite hostname="vkzoomin996" failures="0" tests="1" name="listeners.TC_Test" time="19.373" errors="0" timestamp="2022-11-11T16:49:34 IST" skipped="0">
  <testcase classname="listeners.TC_Test" name="tc" time="19.373"/>
  <system-out/>
</testsuite> <!-- listeners.TC_Test -->
