<?xml version="1.0" encoding="UTF-8"?>
<!-- Generated by org.testng.reporters.JUnitReportReporter -->
<testsuite hostname="vkzoomin996" failures="0" tests="1" name="reports.Extentreport" time="0.274" errors="0" timestamp="2022-11-16T11:58:54 IST" skipped="0">
  <testcase classname="reports.Extentreport" name="Extent" time="0.274"/>
  <system-out/>
</testsuite> <!-- reports.Extentreport -->
