<?xml version="1.0" encoding="UTF-8"?>
<!-- Generated by org.testng.reporters.JUnitReportReporter -->
<testsuite hostname="vkzoomin996" failures="0" tests="1" name="basics.Recievingparamter" time="0.010" errors="0" timestamp="2022-11-10T09:43:45 IST" skipped="0">
  <testcase classname="basics.Recievingparamter" name="data1" time="0.010"/>
  <system-out/>
</testsuite> <!-- basics.Recievingparamter -->
