<?xml version="1.0" encoding="UTF-8"?>
<!-- Generated by org.testng.reporters.JUnitReportReporter -->
<testsuite hostname="vkzoomin996" failures="0" tests="1" name="crossbrowserexecutions.Cbt" time="1.773" errors="0" timestamp="2022-11-10T09:44:24 IST" skipped="0">
  <testcase classname="crossbrowserexecutions.Cbt" name="crossbrowser" time="1.773"/>
  <system-out/>
</testsuite> <!-- crossbrowserexecutions.Cbt -->
